2024-07-17 12:44:08
######## 7/17/2024, 12:44:21 PM
tid=d55c22b17a56c4f801b4c8d2ffcc25af

 【请求的 ip 】：13.91.69.162
 【 用  户 】 加了  617         个单词上限2024-07-17 12:45:58
######## 7/17/2024, 12:46:12 PM
tid=d55c22b17a56c4f801b4c8d2ffcc25af

 【请求的 ip 】：52.238.24.178
 【 用  户 】 加了  617         个单词上限2024-07-17 14:42:39
######## 7/17/2024, 2:42:53 PM
tid=d55c22b17a56c4f801b4c8d2ffcc25af

 【请求的 ip 】：20.97.191.96
 【 用  户 】 加了  617         个单词上限2024-07-17 15:39:51
######## 7/17/2024, 3:40:04 PM
tid=d55c22b17a56c4f801b4c8d2ffcc25af

 【请求的 ip 】：20.172.5.221
 【 用  户 】 加了  617         个单词上限2024-07-17 17:40:12
######## 7/17/2024, 5:40:26 PM
tid=d55c22b17a56c4f801b4c8d2ffcc25af

 【请求的 ip 】：172.183.74.6
 【 用  户 】 加了  617         个单词上限2024-07-17 18:40:44
######## 7/17/2024, 6:40:58 PM
tid=d55c22b17a56c4f801b4c8d2ffcc25af

 【请求的 ip 】：20.161.78.13
 【 用  户 】 加了  617         个单词上限2024-07-18 12:41:43
######## 7/18/2024, 12:41:57 PM
tid=d55c22b17a56c4f801b4c8d2ffcc25af

 【请求的 ip 】：20.55.46.196
 【 用  户 】 加了  617         个单词上限2024-07-18 14:42:45
######## 7/18/2024, 2:42:59 PM
tid=d55c22b17a56c4f801b4c8d2ffcc25af

 【请求的 ip 】：52.234.36.37
 【 用  户 】 加了  620         个单词上限2024-07-18 15:39:36
######## 7/18/2024, 3:39:50 PM
tid=d55c22b17a56c4f801b4c8d2ffcc25af

 【请求的 ip 】：172.183.107.128
 【 用  户 】 加了  620         个单词上限2024-07-18 17:39:34
######## 7/18/2024, 5:39:48 PM
tid=d55c22b17a56c4f801b4c8d2ffcc25af

 【请求的 ip 】：52.234.33.242
 【 用  户 】 加了  620         个单词上限2024-07-18 18:40:41
######## 7/18/2024, 6:40:55 PM
tid=d55c22b17a56c4f801b4c8d2ffcc25af

 【请求的 ip 】：172.200.207.226
 【 用  户 】 加了  620         个单词上限2024-07-19 12:41:37
######## 7/19/2024, 12:41:52 PM
tid=d55c22b17a56c4f801b4c8d2ffcc25af

 【请求的 ip 】：20.81.159.194
 【 用  户 】 加了  623         个单词上限2024-07-19 14:42:27
######## 7/19/2024, 2:42:40 PM
tid=be9ac66de488a37972f939c4666d7125

 【请求的 ip 】：13.83.1.192
 【 用  户 】 加了  623         个单词上限2024-07-19 15:39:16
######## 7/19/2024, 3:39:29 PM
tid=be9ac66de488a37972f939c4666d7125

 【请求的 ip 】：52.234.38.142
 【 用  户 】 加了  623         个单词上限2024-07-19 17:41:01
######## 7/19/2024, 5:41:16 PM
tid=be9ac66de488a37972f939c4666d7125

 【请求的 ip 】：20.55.14.228
 【 用  户 】 加了  623         个单词上限2024-07-19 18:39:51
######## 7/19/2024, 6:40:05 PM
tid=be9ac66de488a37972f939c4666d7125

 【请求的 ip 】：20.55.15.36
 【 用  户 】 加了  623         个单词上限2024-07-20 12:41:35
######## 7/20/2024, 12:41:49 PM
tid=be9ac66de488a37972f939c4666d7125

 【请求的 ip 】：172.183.91.8
 【 用  户 】 加了  626         个单词上限2024-07-20 14:41:41
######## 7/20/2024, 2:41:55 PM
tid=be9ac66de488a37972f939c4666d7125

 【请求的 ip 】：172.183.79.2
 【 用  户 】 加了  626         个单词上限2024-07-20 15:39:38
######## 7/20/2024, 3:39:53 PM
tid=be9ac66de488a37972f939c4666d7125

 【请求的 ip 】：20.109.39.177
 【 用  户 】 加了  626         个单词上限2024-07-20 17:40:29
######## 7/20/2024, 5:40:43 PM
tid=be9ac66de488a37972f939c4666d7125

 【请求的 ip 】：4.227.115.112
 【 用  户 】 加了  626         个单词上限2024-07-20 18:41:29
######## 7/20/2024, 6:41:42 PM
tid=be9ac66de488a37972f939c4666d7125

 【请求的 ip 】：13.83.1.208
 【 用  户 】 加了  626         个单词上限2024-07-21 12:39:55
######## 7/21/2024, 12:40:09 PM
tid=be9ac66de488a37972f939c4666d7125

 【请求的 ip 】：172.183.91.2
 【 用  户 】 加了  629         个单词上限2024-07-21 14:42:17
######## 7/21/2024, 2:42:32 PM
tid=be9ac66de488a37972f939c4666d7125

 【请求的 ip 】：20.161.76.227
 【 用  户 】 加了  629         个单词上限2024-07-21 15:39:41
######## 7/21/2024, 3:39:54 PM
tid=be9ac66de488a37972f939c4666d7125

 【请求的 ip 】：172.183.131.79
 【 用  户 】 加了  629         个单词上限2024-07-21 17:39:32
######## 7/21/2024, 5:39:46 PM
tid=97e82118e4c1dacc0f923bc17d8a96e6

 【请求的 ip 】：20.172.6.169
 【 用  户 】 加了  629         个单词上限2024-07-21 18:39:19
######## 7/21/2024, 6:39:33 PM
tid=97e82118e4c1dacc0f923bc17d8a96e6

 【请求的 ip 】：172.183.53.32
 【 用  户 】 加了  629         个单词上限2024-07-22 12:41:16
######## 7/22/2024, 12:41:31 PM
tid=97e82118e4c1dacc0f923bc17d8a96e6

 【请求的 ip 】：20.109.38.149
 【 用  户 】 加了  631         个单词上限2024-07-22 14:43:07
######## 7/22/2024, 2:43:21 PM
tid=97e82118e4c1dacc0f923bc17d8a96e6

 【请求的 ip 】：52.190.141.146
 【 用  户 】 加了  631         个单词上限2024-07-22 15:40:23
######## 7/22/2024, 3:40:37 PM
tid=97e82118e4c1dacc0f923bc17d8a96e6

 【请求的 ip 】：172.183.98.96
 【 用  户 】 加了  631         个单词上限2024-07-22 17:40:25
######## 7/22/2024, 5:40:39 PM
tid=97e82118e4c1dacc0f923bc17d8a96e6

 【请求的 ip 】：172.190.111.148
 【 用  户 】 加了  631         个单词上限2024-07-22 18:40:04
######## 7/22/2024, 6:40:19 PM
tid=97e82118e4c1dacc0f923bc17d8a96e6

 【请求的 ip 】：20.102.46.179
 【 用  户 】 加了  631         个单词上限2024-07-23 12:40:18
######## 7/23/2024, 12:40:35 PM
tid=97e82118e4c1dacc0f923bc17d8a96e6

 【请求的 ip 】：13.83.123.178
 【 用  户 】 加了  631         个单词上限2024-07-23 14:42:36
######## 7/23/2024, 2:42:49 PM
tid=97e82118e4c1dacc0f923bc17d8a96e6

 【请求的 ip 】：40.76.117.200
 【 用  户 】 加了  631         个单词上限2024-07-23 15:39:17
######## 7/23/2024, 3:39:31 PM
tid=97e82118e4c1dacc0f923bc17d8a96e6

 【请求的 ip 】：20.55.213.87
 【 用  户 】 加了  634         个单词上限2024-07-23 17:39:16
######## 7/23/2024, 5:39:31 PM
tid=97e82118e4c1dacc0f923bc17d8a96e6

 【请求的 ip 】：20.172.0.37
 【 用  户 】 加了  634         个单词上限2024-07-23 18:40:06
######## 7/23/2024, 6:40:21 PM
tid=97e82118e4c1dacc0f923bc17d8a96e6

 【请求的 ip 】：20.55.47.50
 【 用  户 】 加了  634         个单词上限2024-07-24 12:40:07
######## 7/24/2024, 12:40:21 PM
tid=a03a309fb3f510fbbc55f31d1206f887

 【请求的 ip 】：52.157.14.88
 【 用  户 】 加了  634         个单词上限2024-07-24 14:42:57
######## 7/24/2024, 2:43:11 PM
tid=a03a309fb3f510fbbc55f31d1206f887

 【请求的 ip 】：20.81.46.155
 【 用  户 】 加了  634         个单词上限2024-07-24 15:39:24
######## 7/24/2024, 3:39:38 PM
tid=a03a309fb3f510fbbc55f31d1206f887

 【请求的 ip 】：20.55.222.97
 【 用  户 】 加了  634         个单词上限2024-07-24 17:39:48
######## 7/24/2024, 5:40:02 PM
tid=a03a309fb3f510fbbc55f31d1206f887

 【请求的 ip 】：20.172.17.131
 【 用  户 】 加了  634         个单词上限2024-07-24 18:40:37
######## 7/24/2024, 6:40:52 PM
tid=a03a309fb3f510fbbc55f31d1206f887

 【请求的 ip 】：74.249.14.213
 【 用  户 】 加了  634         个单词上限2024-07-25 12:42:18
######## 7/25/2024, 12:42:32 PM
tid=a03a309fb3f510fbbc55f31d1206f887

 【请求的 ip 】：20.55.14.229
 【 用  户 】 加了  634         个单词上限2024-07-25 14:42:55
######## 7/25/2024, 2:43:09 PM
tid=a03a309fb3f510fbbc55f31d1206f887

 【请求的 ip 】：172.183.138.55
 【 用  户 】 加了  634         个单词上限2024-07-25 15:39:24
######## 7/25/2024, 3:39:39 PM
tid=a03a309fb3f510fbbc55f31d1206f887

 【请求的 ip 】：20.172.29.182
 【 用  户 】 加了  634         个单词上限2024-07-25 17:39:22
######## 7/25/2024, 5:39:37 PM
tid=a03a309fb3f510fbbc55f31d1206f887

 【请求的 ip 】：52.234.38.241
 【 用  户 】 加了  637         个单词上限2024-07-25 18:40:32
######## 7/25/2024, 6:40:47 PM
tid=a03a309fb3f510fbbc55f31d1206f887

 【请求的 ip 】：172.200.199.173
 【 用  户 】 加了  637         个单词上限2024-07-26 12:42:31
######## 7/26/2024, 12:42:45 PM
tid=a03a309fb3f510fbbc55f31d1206f887

 【请求的 ip 】：20.161.77.207
 【 用  户 】 加了  637         个单词上限2024-07-26 14:43:09
######## 7/26/2024, 2:43:23 PM
tid=d80060adaed8bdfe337fd739313b1a84

 【请求的 ip 】：172.183.108.37
 【 用  户 】 加了  639         个单词上限2024-07-26 15:39:28
######## 7/26/2024, 3:39:41 PM
tid=d80060adaed8bdfe337fd739313b1a84

 【请求的 ip 】：52.225.76.22
 【 用  户 】 加了  639         个单词上限2024-07-26 17:39:28
######## 7/26/2024, 5:39:42 PM
tid=d80060adaed8bdfe337fd739313b1a84

 【请求的 ip 】：52.179.163.79
 【 用  户 】 加了  639         个单词上限2024-07-26 18:40:30
######## 7/26/2024, 6:40:44 PM
tid=d80060adaed8bdfe337fd739313b1a84

 【请求的 ip 】：172.200.199.255
 【 用  户 】 加了  639         个单词上限2024-07-27 12:40:30
######## 7/27/2024, 12:40:44 PM
tid=2492a79efae279a29ec8a1a8dcb4c444

 【请求的 ip 】：172.200.199.170
 【 用  户 】 加了  642         个单词上限2024-07-27 14:42:10
######## 7/27/2024, 2:42:25 PM
tid=2492a79efae279a29ec8a1a8dcb4c444

 【请求的 ip 】：20.97.191.189
 【 用  户 】 加了  642         个单词上限2024-07-27 15:39:12
######## 7/27/2024, 3:39:26 PM
tid=2492a79efae279a29ec8a1a8dcb4c444

 【请求的 ip 】：20.97.191.96
 【 用  户 】 加了  642         个单词上限2024-07-27 17:39:26
######## 7/27/2024, 5:39:40 PM
tid=2492a79efae279a29ec8a1a8dcb4c444

 【请求的 ip 】：20.55.214.160
 【 用  户 】 加了  642         个单词上限2024-07-27 18:39:11
######## 7/27/2024, 6:39:25 PM
tid=2492a79efae279a29ec8a1a8dcb4c444

 【请求的 ip 】：20.55.47.60
 【 用  户 】 加了  642         个单词上限2024-07-28 12:39:50
######## 7/28/2024, 12:40:04 PM
tid=2492a79efae279a29ec8a1a8dcb4c444

 【请求的 ip 】：52.234.26.83
 【 用  户 】 加了  645         个单词上限2024-07-28 14:43:01
######## 7/28/2024, 2:43:14 PM
tid=2492a79efae279a29ec8a1a8dcb4c444

 【请求的 ip 】：172.183.131.131
 【 用  户 】 加了  645         个单词上限2024-07-28 15:39:12
######## 7/28/2024, 3:39:26 PM
tid=2492a79efae279a29ec8a1a8dcb4c444

 【请求的 ip 】：20.55.214.241
 【 用  户 】 加了  645         个单词上限2024-07-28 17:39:24
######## 7/28/2024, 5:39:37 PM
tid=2492a79efae279a29ec8a1a8dcb4c444

 【请求的 ip 】：52.234.33.249
 【 用  户 】 加了  645         个单词上限2024-07-28 18:39:29
######## 7/28/2024, 6:39:43 PM
tid=2492a79efae279a29ec8a1a8dcb4c444

 【请求的 ip 】：20.171.78.151
 【 用  户 】 加了  645         个单词上限2024-07-29 12:40:53
######## 7/29/2024, 12:41:07 PM
tid=2492a79efae279a29ec8a1a8dcb4c444

 【请求的 ip 】：74.249.14.176
 【 用  户 】 加了  645         个单词上限2024-07-29 14:43:04
######## 7/29/2024, 2:43:18 PM
tid=9723a90f37ed1968c8311ada1117b868

 【请求的 ip 】：20.172.28.141
 【 用  户 】 加了  648         个单词上限2024-07-29 15:39:29
######## 7/29/2024, 3:39:43 PM
tid=9723a90f37ed1968c8311ada1117b868

 【请求的 ip 】：20.161.78.40
 【 用  户 】 加了  648         个单词上限2024-07-29 17:39:14
######## 7/29/2024, 5:39:28 PM
tid=9723a90f37ed1968c8311ada1117b868

 【请求的 ip 】：40.71.163.79
 【 用  户 】 加了  648         个单词上限2024-07-29 18:41:17
######## 7/29/2024, 6:41:31 PM
tid=9723a90f37ed1968c8311ada1117b868

 【请求的 ip 】：20.49.55.103
 【 用  户 】 加了  648         个单词上限2024-07-30 12:41:02
######## 7/30/2024, 12:41:16 PM
tid=9440547a7f40bbc5cf96657f908a4ed7

 【请求的 ip 】：172.183.130.204
 【 用  户 】 加了  651         个单词上限2024-07-30 14:43:02
######## 7/30/2024, 2:43:16 PM
tid=9440547a7f40bbc5cf96657f908a4ed7

 【请求的 ip 】：172.183.122.149
 【 用  户 】 加了  651         个单词上限2024-07-30 15:39:13
######## 7/30/2024, 3:39:27 PM
tid=9440547a7f40bbc5cf96657f908a4ed7

 【请求的 ip 】：20.161.78.59
 【 用  户 】 加了  651         个单词上限2024-07-30 17:39:32
######## 7/30/2024, 5:39:46 PM
tid=9440547a7f40bbc5cf96657f908a4ed7

 【请求的 ip 】：172.183.98.201
 【 用  户 】 加了  651         个单词上限2024-07-30 18:41:01
######## 7/30/2024, 6:41:15 PM
tid=9440547a7f40bbc5cf96657f908a4ed7

 【请求的 ip 】：172.183.131.40
 【 用  户 】 加了  651         个单词上限2024-07-31 12:39:37
######## 7/31/2024, 12:39:51 PM
tid=9440547a7f40bbc5cf96657f908a4ed7

 【请求的 ip 】：20.55.15.80
 【 用  户 】 加了  651         个单词上限2024-07-31 14:39:36
######## 7/31/2024, 2:39:50 PM
tid=9440547a7f40bbc5cf96657f908a4ed7

 【请求的 ip 】：52.234.38.66
 【 用  户 】 加了  651         个单词上限2024-07-31 15:39:30
######## 7/31/2024, 3:39:44 PM
tid=9440547a7f40bbc5cf96657f908a4ed7

 【请求的 ip 】：74.249.14.161
 【 用  户 】 加了  651         个单词上限2024-07-31 17:39:12
######## 7/31/2024, 5:39:28 PM
tid=9440547a7f40bbc5cf96657f908a4ed7

 【请求的 ip 】：172.183.161.207
 【 用  户 】 加了  651         个单词上限2024-07-31 18:40:04
######## 7/31/2024, 6:40:17 PM
tid=d4d5dbc635c32b6fec2b438e3fbbff1d

 【请求的 ip 】：13.91.68.161
 【 用  户 】 加了  654         个单词上限2024-08-01 12:40:51
######## 8/1/2024, 12:41:05 PM
tid=d4d5dbc635c32b6fec2b438e3fbbff1d

 【请求的 ip 】：20.55.15.37
 【 用  户 】 加了  654         个单词上限2024-08-01 14:43:23
######## 8/1/2024, 2:43:37 PM
tid=d4d5dbc635c32b6fec2b438e3fbbff1d

 【请求的 ip 】：172.183.112.122
 【 用  户 】 加了  654         个单词上限2024-08-01 15:39:34
######## 8/1/2024, 3:39:49 PM
tid=d4d5dbc635c32b6fec2b438e3fbbff1d

 【请求的 ip 】：20.75.95.208
 【 用  户 】 加了  656         个单词上限2024-08-01 17:39:21
######## 8/1/2024, 5:39:35 PM
tid=d4d5dbc635c32b6fec2b438e3fbbff1d

 【请求的 ip 】：4.227.115.6
 【 用  户 】 加了  656         个单词上限2024-08-01 18:41:22
######## 8/1/2024, 6:41:36 PM
tid=d4d5dbc635c32b6fec2b438e3fbbff1d

 【请求的 ip 】：20.172.0.46
 【 用  户 】 加了  656         个单词上限2024-08-02 12:42:17
######## 8/2/2024, 12:42:31 PM
tid=ec5b7f9189dd1b3e05ac3d104843ec06

 【请求的 ip 】：20.51.198.166
 【 用  户 】 加了  659         个单词上限2024-08-02 14:44:48
######## 8/2/2024, 2:45:03 PM
tid=ec5b7f9189dd1b3e05ac3d104843ec06

 【请求的 ip 】：20.55.222.97
 【 用  户 】 加了  659         个单词上限2024-08-02 15:39:34
######## 8/2/2024, 3:39:50 PM
tid=ec5b7f9189dd1b3e05ac3d104843ec06

 【请求的 ip 】：40.67.141.246
 【 用  户 】 加了  659         个单词上限2024-08-02 17:39:25
######## 8/2/2024, 5:39:39 PM
tid=ec5b7f9189dd1b3e05ac3d104843ec06

 【请求的 ip 】：172.183.91.42
 【 用  户 】 加了  659         个单词上限2024-08-02 18:40:23
######## 8/2/2024, 6:40:37 PM
tid=ec5b7f9189dd1b3e05ac3d104843ec06

 【请求的 ip 】：20.172.46.72
 【 用  户 】 加了  659         个单词上限2024-08-03 12:40:30
######## 8/3/2024, 12:40:45 PM
tid=ec5b7f9189dd1b3e05ac3d104843ec06

 【请求的 ip 】：172.200.199.177
 【 用  户 】 加了  662         个单词上限2024-08-03 14:42:34
######## 8/3/2024, 2:42:50 PM
tid=ec5b7f9189dd1b3e05ac3d104843ec06

 【请求的 ip 】：20.75.95.194
 【 用  户 】 加了  662         个单词上限2024-08-03 15:39:30
######## 8/3/2024, 3:39:43 PM
tid=ec5b7f9189dd1b3e05ac3d104843ec06

 【请求的 ip 】：52.157.4.81
 【 用  户 】 加了  662         个单词上限2024-08-03 17:39:50
######## 8/3/2024, 5:40:04 PM
tid=ec5b7f9189dd1b3e05ac3d104843ec06

 【请求的 ip 】：172.183.82.223
 【 用  户 】 加了  662         个单词上限2024-08-03 18:39:22
######## 8/3/2024, 6:39:37 PM
tid=ec5b7f9189dd1b3e05ac3d104843ec06

 【请求的 ip 】：172.183.107.18
 【 用  户 】 加了  662         个单词上限2024-08-04 12:42:24
######## 8/4/2024, 12:42:39 PM
tid=ec5b7f9189dd1b3e05ac3d104843ec06

 【请求的 ip 】：20.171.122.187
 【 用  户 】 加了  662         个单词上限2024-08-04 14:41:45
######## 8/4/2024, 2:41:59 PM
tid=ec5b7f9189dd1b3e05ac3d104843ec06

 【请求的 ip 】：52.234.38.240
 【 用  户 】 加了  662         个单词上限2024-08-04 15:39:15
######## 8/4/2024, 3:39:29 PM
tid=78f28a5ba7e5ae4aaa66b09df935e09b

 【请求的 ip 】：40.67.141.245
 【 用  户 】 加了  665         个单词上限2024-08-04 17:39:34
######## 8/4/2024, 5:39:48 PM
tid=78f28a5ba7e5ae4aaa66b09df935e09b

 【请求的 ip 】：20.51.159.34
 【 用  户 】 加了  665         个单词上限2024-08-04 18:39:12
######## 8/4/2024, 6:39:26 PM
tid=78f28a5ba7e5ae4aaa66b09df935e09b

 【请求的 ip 】：172.183.52.206
 【 用  户 】 加了  665         个单词上限2024-08-05 12:41:08
######## 8/5/2024, 12:41:22 PM
tid=78f28a5ba7e5ae4aaa66b09df935e09b

 【请求的 ip 】：172.183.82.219
 【 用  户 】 加了  665         个单词上限2024-08-05 14:43:32
######## 8/5/2024, 2:43:46 PM
tid=78f28a5ba7e5ae4aaa66b09df935e09b

 【请求的 ip 】：172.190.111.146
 【 用  户 】 加了  665         个单词上限2024-08-05 15:39:19
######## 8/5/2024, 3:39:32 PM
tid=ece97e0add7f3aa8dd45d24736814e70

 【请求的 ip 】：13.91.69.162
 【 用  户 】 加了  668         个单词上限2024-08-05 17:39:15
######## 8/5/2024, 5:39:29 PM
tid=ece97e0add7f3aa8dd45d24736814e70

 【请求的 ip 】：20.172.6.175
 【 用  户 】 加了  668         个单词上限2024-08-05 18:40:45
######## 8/5/2024, 6:41:00 PM
tid=ece97e0add7f3aa8dd45d24736814e70

 【请求的 ip 】：20.102.46.247
 【 用  户 】 加了  668         个单词上限2024-08-06 12:42:22
######## 8/6/2024, 12:42:37 PM
tid=ece97e0add7f3aa8dd45d24736814e70

 【请求的 ip 】：172.190.111.156
 【 用  户 】 加了  668         个单词上限2024-08-06 14:43:58
######## 8/6/2024, 2:44:13 PM
tid=4bd424318e29ec390622f6641dc738fa

 【请求的 ip 】：20.97.191.53
 【 用  户 】 加了  671         个单词上限2024-08-06 15:39:29
######## 8/6/2024, 3:39:43 PM
tid=4bd424318e29ec390622f6641dc738fa

 【请求的 ip 】：20.55.46.193
 【 用  户 】 加了  671         个单词上限2024-08-06 17:39:31
######## 8/6/2024, 5:39:44 PM
tid=4bd424318e29ec390622f6641dc738fa

 【请求的 ip 】：52.238.27.210
 【 用  户 】 加了  671         个单词上限2024-08-06 18:41:36
######## 8/6/2024, 6:41:50 PM
tid=4bd424318e29ec390622f6641dc738fa

 【请求的 ip 】：74.249.5.98
 【 用  户 】 加了  671         个单词上限2024-08-07 12:41:55
######## 8/7/2024, 12:42:09 PM
tid=14850b1e3d1dd5ab8aeba8a6aa1cc8c1

 【请求的 ip 】：52.232.165.92
 【 用  户 】 加了  674         个单词上限2024-08-07 14:44:58
######## 8/7/2024, 2:45:12 PM
tid=14850b1e3d1dd5ab8aeba8a6aa1cc8c1

 【请求的 ip 】：20.55.126.36
 【 用  户 】 加了  674         个单词上限2024-08-07 15:39:55
######## 8/7/2024, 3:40:09 PM
tid=14850b1e3d1dd5ab8aeba8a6aa1cc8c1

 【请求的 ip 】：52.234.40.27
 【 用  户 】 加了  674         个单词上限2024-08-07 17:39:25
######## 8/7/2024, 5:39:39 PM
tid=14850b1e3d1dd5ab8aeba8a6aa1cc8c1

 【请求的 ip 】：172.183.107.18
 【 用  户 】 加了  674         个单词上限2024-08-07 18:40:41
######## 8/7/2024, 6:40:55 PM
tid=14850b1e3d1dd5ab8aeba8a6aa1cc8c1

 【请求的 ip 】：20.55.14.173
 【 用  户 】 加了  674         个单词上限2024-08-08 12:42:09
######## 8/8/2024, 12:42:23 PM
tid=14850b1e3d1dd5ab8aeba8a6aa1cc8c1

 【请求的 ip 】：172.183.84.71
 【 用  户 】 加了  674         个单词上限2024-08-08 14:43:31
######## 8/8/2024, 2:43:45 PM
tid=14850b1e3d1dd5ab8aeba8a6aa1cc8c1

 【请求的 ip 】：172.183.108.33
 【 用  户 】 加了  674         个单词上限2024-08-08 15:39:27
######## 8/8/2024, 3:39:41 PM
tid=14850b1e3d1dd5ab8aeba8a6aa1cc8c1

 【请求的 ip 】：40.67.133.147
 【 用  户 】 加了  674         个单词上限2024-08-08 17:39:19
######## 8/8/2024, 5:39:34 PM
tid=14850b1e3d1dd5ab8aeba8a6aa1cc8c1

 【请求的 ip 】：20.55.223.40
 【 用  户 】 加了  674         个单词上限2024-08-08 18:40:39
######## 8/8/2024, 6:40:52 PM
tid=374b83ccb33eed3e74abd6475d80c641

 【请求的 ip 】：13.91.68.162
 【 用  户 】 加了  677         个单词上限2024-08-09 12:41:24
######## 8/9/2024, 12:41:39 PM
tid=374b83ccb33eed3e74abd6475d80c641

 【请求的 ip 】：172.183.113.199
 【 用  户 】 加了  677         个单词上限2024-08-09 14:44:07
######## 8/9/2024, 2:44:22 PM
tid=20fd861ad389945a983064304c7f041a

 【请求的 ip 】：20.51.159.39
 【 用  户 】 加了  679         个单词上限2024-08-09 15:39:28
######## 8/9/2024, 3:39:42 PM
tid=20fd861ad389945a983064304c7f041a

 【请求的 ip 】：20.102.46.218
 【 用  户 】 加了  679         个单词上限2024-08-09 17:39:13
######## 8/9/2024, 5:39:27 PM
tid=20fd861ad389945a983064304c7f041a

 【请求的 ip 】：20.109.38.205
 【 用  户 】 加了  679         个单词上限2024-08-09 18:40:53
######## 8/9/2024, 6:41:07 PM
tid=20fd861ad389945a983064304c7f041a

 【请求的 ip 】：20.102.46.149
 【 用  户 】 加了  679         个单词上限2024-08-10 12:43:32
######## 8/10/2024, 12:43:45 PM
tid=20fd861ad389945a983064304c7f041a

 【请求的 ip 】：52.234.33.183
 【 用  户 】 加了  681         个单词上限2024-08-10 14:42:52
######## 8/10/2024, 2:43:07 PM
tid=20fd861ad389945a983064304c7f041a

 【请求的 ip 】：74.249.13.128
 【 用  户 】 加了  681         个单词上限2024-08-10 15:39:16
######## 8/10/2024, 3:39:30 PM
tid=20fd861ad389945a983064304c7f041a

 【请求的 ip 】：20.172.6.211
 【 用  户 】 加了  681         个单词上限2024-08-10 17:39:21
######## 8/10/2024, 5:39:35 PM
tid=20fd861ad389945a983064304c7f041a

 【请求的 ip 】：172.214.252.32
 【 用  户 】 加了  681         个单词上限2024-08-10 18:40:11
######## 8/10/2024, 6:40:26 PM
tid=20fd861ad389945a983064304c7f041a

 【请求的 ip 】：20.81.159.18
 【 用  户 】 加了  681         个单词上限2024-08-11 12:41:02
######## 8/11/2024, 12:41:16 PM
tid=91b90bdeec3f79ad32d1236de5cc394b

 【请求的 ip 】：20.109.39.133
 【 用  户 】 加了  684         个单词上限2024-08-11 14:42:27
######## 8/11/2024, 2:42:42 PM
tid=91b90bdeec3f79ad32d1236de5cc394b

 【请求的 ip 】：20.161.78.51
 【 用  户 】 加了  684         个单词上限2024-08-11 15:39:20
######## 8/11/2024, 3:39:34 PM
tid=91b90bdeec3f79ad32d1236de5cc394b

 【请求的 ip 】：20.51.159.47
 【 用  户 】 加了  684         个单词上限2024-08-11 17:39:15
######## 8/11/2024, 5:39:29 PM
tid=91b90bdeec3f79ad32d1236de5cc394b

 【请求的 ip 】：4.242.241.141
 【 用  户 】 加了  684         个单词上限2024-08-11 18:39:50
######## 8/11/2024, 6:40:03 PM
tid=91b90bdeec3f79ad32d1236de5cc394b

 【请求的 ip 】：52.238.27.209
 【 用  户 】 加了  684         个单词上限2024-08-12 12:41:33
######## 8/12/2024, 12:41:47 PM
tid=91b90bdeec3f79ad32d1236de5cc394b

 【请求的 ip 】：74.249.13.179
 【 用  户 】 加了  684         个单词上限2024-08-12 14:43:36
######## 8/12/2024, 2:43:50 PM
tid=91b90bdeec3f79ad32d1236de5cc394b

 【请求的 ip 】：74.249.13.142
 【 用  户 】 加了  684         个单词上限2024-08-12 15:39:28
######## 8/12/2024, 3:39:42 PM
tid=91b90bdeec3f79ad32d1236de5cc394b

 【请求的 ip 】：20.171.122.32
 【 用  户 】 加了  684         个单词上限2024-08-12 17:39:20
######## 8/12/2024, 5:39:34 PM
tid=91b90bdeec3f79ad32d1236de5cc394b

 【请求的 ip 】：20.97.191.38
 【 用  户 】 加了  684         个单词上限2024-08-12 18:41:30
######## 8/12/2024, 6:41:44 PM
tid=91b90bdeec3f79ad32d1236de5cc394b

 【请求的 ip 】：52.157.14.194
 【 用  户 】 加了  684         个单词上限2024-08-13 12:41:09
######## 8/13/2024, 12:41:22 PM
tid=1e5bb00f88b921b0ea83f4fc183af8dd

 【请求的 ip 】：20.102.214.33
 【 用  户 】 加了  687         个单词上限2024-08-13 14:44:06
######## 8/13/2024, 2:44:20 PM
tid=1e5bb00f88b921b0ea83f4fc183af8dd

 【请求的 ip 】：172.183.82.192
 【 用  户 】 加了  687         个单词上限2024-08-13 15:39:50
######## 8/13/2024, 3:40:04 PM
tid=1e5bb00f88b921b0ea83f4fc183af8dd

 【请求的 ip 】：20.55.15.47
 【 用  户 】 加了  687         个单词上限2024-08-13 17:40:03
######## 8/13/2024, 5:40:16 PM
tid=64e24a9585e8d235993827eb2a1c842a

 【请求的 ip 】：172.183.132.16
 【 用  户 】 加了  690         个单词上限2024-08-13 18:41:45
######## 8/13/2024, 6:41:59 PM
tid=64e24a9585e8d235993827eb2a1c842a

 【请求的 ip 】：20.97.189.17
 【 用  户 】 加了  690         个单词上限2024-08-14 12:41:11
######## 8/14/2024, 12:41:25 PM
tid=54882ff2f6d1b7d47e2a808a11164099

 【请求的 ip 】：20.51.207.129
 【 用  户 】 加了  692         个单词上限2024-08-14 14:42:58
######## 8/14/2024, 2:43:12 PM
tid=54882ff2f6d1b7d47e2a808a11164099

 【请求的 ip 】：20.55.118.209
 【 用  户 】 加了  692         个单词上限2024-08-14 15:39:21
######## 8/14/2024, 3:39:33 PM
tid=54882ff2f6d1b7d47e2a808a11164099

 【请求的 ip 】：20.253.152.177
 【 用  户 】 加了  692         个单词上限2024-08-14 17:39:14
######## 8/14/2024, 5:39:27 PM
tid=54882ff2f6d1b7d47e2a808a11164099

 【请求的 ip 】：20.109.39.179
 【 用  户 】 加了  692         个单词上限2024-08-14 18:41:06
######## 8/14/2024, 6:41:21 PM
tid=54882ff2f6d1b7d47e2a808a11164099

 【请求的 ip 】：20.161.78.231
 【 用  户 】 加了  692         个单词上限2024-08-15 12:41:40
######## 8/15/2024, 12:41:55 PM
tid=54882ff2f6d1b7d47e2a808a11164099

 【请求的 ip 】：20.57.14.21
 【 用  户 】 加了  692         个单词上限2024-08-15 14:44:16
######## 8/15/2024, 2:44:29 PM
tid=54882ff2f6d1b7d47e2a808a11164099

 【请求的 ip 】：13.87.243.38
 【 用  户 】 加了  692         个单词上限2024-08-15 15:39:45
######## 8/15/2024, 3:39:59 PM
tid=54882ff2f6d1b7d47e2a808a11164099

 【请求的 ip 】：172.183.154.109
 【 用  户 】 加了  692         个单词上限2024-08-15 17:39:12
######## 8/15/2024, 5:39:25 PM
tid=54882ff2f6d1b7d47e2a808a11164099

 【请求的 ip 】：172.183.131.202
 【 用  户 】 加了  692         个单词上限2024-08-15 18:41:44
######## 8/15/2024, 6:41:59 PM
tid=54882ff2f6d1b7d47e2a808a11164099

 【请求的 ip 】：172.183.53.180
 【 用  户 】 加了  692         个单词上限2024-08-16 12:41:08
######## 8/16/2024, 12:41:22 PM
tid=54882ff2f6d1b7d47e2a808a11164099

 【请求的 ip 】：52.234.33.178
 【 用  户 】 加了  695         个单词上限2024-08-16 14:43:21
######## 8/16/2024, 2:43:36 PM
tid=54882ff2f6d1b7d47e2a808a11164099

 【请求的 ip 】：172.183.37.89
 【 用  户 】 加了  695         个单词上限2024-08-16 15:39:30
######## 8/16/2024, 3:39:44 PM
tid=453d2905a7f981107f26b85145fa539f

 【请求的 ip 】：172.206.110.211
 【 用  户 】 加了  695         个单词上限2024-08-16 17:39:26
######## 8/16/2024, 5:39:42 PM
tid=453d2905a7f981107f26b85145fa539f

 【请求的 ip 】：172.183.131.30
 【 用  户 】 加了  695         个单词上限2024-08-16 18:40:57
######## 8/16/2024, 6:41:11 PM
tid=453d2905a7f981107f26b85145fa539f

 【请求的 ip 】：20.12.6.220
 【 用  户 】 加了  695         个单词上限2024-08-17 12:41:16
######## 8/17/2024, 12:41:29 PM
tid=362112b2a378803cc3819c703e4d2070

 【请求的 ip 】：20.171.78.148
 【 用  户 】 加了  698         个单词上限2024-08-17 14:41:18
######## 8/17/2024, 2:41:32 PM
tid=362112b2a378803cc3819c703e4d2070

 【请求的 ip 】：20.97.189.18
 【 用  户 】 加了  698         个单词上限2024-08-17 15:39:11
######## 8/17/2024, 3:39:25 PM
tid=362112b2a378803cc3819c703e4d2070

 【请求的 ip 】：172.183.74.5
 【 用  户 】 加了  698         个单词上限2024-08-17 17:39:18
######## 8/17/2024, 5:39:31 PM
tid=362112b2a378803cc3819c703e4d2070

 【请求的 ip 】：40.76.119.2
 【 用  户 】 加了  698         个单词上限2024-08-17 18:40:21
######## 8/17/2024, 6:40:34 PM
tid=362112b2a378803cc3819c703e4d2070

 【请求的 ip 】：20.172.46.70
 【 用  户 】 加了  698         个单词上限2024-08-18 11:55:46
######## 8/18/2024, 11:56:01 AM
tid=362112b2a378803cc3819c703e4d2070

 【请求的 ip 】：20.81.159.83
 【 用  户 】 加了  698         个单词上限2024-08-18 12:41:16
######## 8/18/2024, 12:41:30 PM
tid=1e213d53d69c2db229205896810d68e2

 【请求的 ip 】：172.183.88.184
 【 用  户 】 加了  701         个单词上限2024-08-18 14:41:56
######## 8/18/2024, 2:42:09 PM
tid=1e213d53d69c2db229205896810d68e2

 【请求的 ip 】：52.234.38.75
 【 用  户 】 加了  701         个单词上限2024-08-18 15:39:14
######## 8/18/2024, 3:39:29 PM
tid=1e213d53d69c2db229205896810d68e2

 【请求的 ip 】：20.55.118.240
 【 用  户 】 加了  701         个单词上限2024-08-18 17:39:22
######## 8/18/2024, 5:39:36 PM
tid=1e213d53d69c2db229205896810d68e2

 【请求的 ip 】：172.200.199.169
 【 用  户 】 加了  701         个单词上限2024-08-18 18:39:29
######## 8/18/2024, 6:39:43 PM
tid=1e213d53d69c2db229205896810d68e2

 【请求的 ip 】：172.183.130.193
 【 用  户 】 加了  701         个单词上限2024-08-19 12:41:05
######## 8/19/2024, 12:41:18 PM
tid=aed5f4c780ab3f76b5b9fd2ecd0d99e6

 【请求的 ip 】：172.183.50.149
 【 用  户 】 加了  704         个单词上限2024-08-19 14:44:04
######## 8/19/2024, 2:44:18 PM
tid=aed5f4c780ab3f76b5b9fd2ecd0d99e6

 【请求的 ip 】：20.109.38.150
 【 用  户 】 加了  704         个单词上限2024-08-19 15:39:35
######## 8/19/2024, 3:39:49 PM
tid=aed5f4c780ab3f76b5b9fd2ecd0d99e6

 【请求的 ip 】：20.161.61.210
 【 用  户 】 加了  704         个单词上限2024-08-19 17:39:20
######## 8/19/2024, 5:39:33 PM
tid=aed5f4c780ab3f76b5b9fd2ecd0d99e6

 【请求的 ip 】：52.159.137.11
 【 用  户 】 加了  704         个单词上限2024-08-19 18:42:19
######## 8/19/2024, 6:42:33 PM
tid=aed5f4c780ab3f76b5b9fd2ecd0d99e6

 【请求的 ip 】：20.161.78.42
 【 用  户 】 加了  704         个单词上限2024-08-20 12:43:22
######## 8/20/2024, 12:43:35 PM
tid=aed5f4c780ab3f76b5b9fd2ecd0d99e6

 【请求的 ip 】：52.238.27.193
 【 用  户 】 加了  704         个单词上限2024-08-20 14:43:22
######## 8/20/2024, 2:43:36 PM
tid=aed5f4c780ab3f76b5b9fd2ecd0d99e6

 【请求的 ip 】：40.71.163.77
 【 用  户 】 加了  704         个单词上限2024-08-20 15:39:24
######## 8/20/2024, 3:39:39 PM
tid=aed5f4c780ab3f76b5b9fd2ecd0d99e6

 【请求的 ip 】：20.172.5.80
 【 用  户 】 加了  704         个单词上限2024-08-20 17:39:14
######## 8/20/2024, 5:39:28 PM
tid=aed5f4c780ab3f76b5b9fd2ecd0d99e6

 【请求的 ip 】：20.171.70.48
 【 用  户 】 加了  704         个单词上限2024-08-20 18:42:09
######## 8/20/2024, 6:42:23 PM
tid=aed5f4c780ab3f76b5b9fd2ecd0d99e6

 【请求的 ip 】：20.109.39.180
 【 用  户 】 加了  704         个单词上限2024-08-21 12:41:58
######## 8/21/2024, 12:42:11 PM
tid=aed5f4c780ab3f76b5b9fd2ecd0d99e6

 【请求的 ip 】：172.183.107.210
 【 用  户 】 加了  707         个单词上限2024-08-21 14:43:04
######## 8/21/2024, 2:43:17 PM
tid=04edb7bbbb329ee1e307b14c7e4d076f

 【请求的 ip 】：172.183.112.123
 【 用  户 】 加了  707         个单词上限2024-08-21 15:39:39
######## 8/21/2024, 3:39:54 PM
tid=04edb7bbbb329ee1e307b14c7e4d076f

 【请求的 ip 】：20.102.46.218
 【 用  户 】 加了  707         个单词上限2024-08-21 17:39:26
######## 8/21/2024, 5:39:39 PM
tid=04edb7bbbb329ee1e307b14c7e4d076f

 【请求的 ip 】：52.234.33.125
 【 用  户 】 加了  707         个单词上限2024-08-21 18:40:38
######## 8/21/2024, 6:40:51 PM
tid=04edb7bbbb329ee1e307b14c7e4d076f

 【请求的 ip 】：172.183.106.48
 【 用  户 】 加了  707         个单词上限2024-08-22 12:41:19
######## 8/22/2024, 12:41:32 PM
tid=04edb7bbbb329ee1e307b14c7e4d076f

 【请求的 ip 】：13.91.68.144
 【 用  户 】 加了  707         个单词上限2024-08-22 14:44:18
######## 8/22/2024, 2:44:31 PM
tid=04edb7bbbb329ee1e307b14c7e4d076f

 【请求的 ip 】：52.234.27.6
 【 用  户 】 加了  710         个单词上限2024-08-22 15:39:16
######## 8/22/2024, 3:39:31 PM
tid=04edb7bbbb329ee1e307b14c7e4d076f

 【请求的 ip 】：20.55.223.81
 【 用  户 】 加了  710         个单词上限2024-08-22 17:39:30
######## 8/22/2024, 5:39:43 PM
tid=04edb7bbbb329ee1e307b14c7e4d076f

 【请求的 ip 】：13.86.227.243
 【 用  户 】 加了  710         个单词上限2024-08-22 18:43:21
######## 8/22/2024, 6:43:34 PM
tid=04edb7bbbb329ee1e307b14c7e4d076f

 【请求的 ip 】：20.55.15.41
 【 用  户 】 加了  710         个单词上限2024-08-23 12:41:42
######## 8/23/2024, 12:41:56 PM
tid=4ceaf41083fcdc10ae65a8ffa5cd3606

 【请求的 ip 】：57.154.160.49
 【 用  户 】 加了  713         个单词上限2024-08-23 14:43:12
######## 8/23/2024, 2:43:26 PM
tid=4ceaf41083fcdc10ae65a8ffa5cd3606

 【请求的 ip 】：20.161.77.197
 【 用  户 】 加了  713         个单词上限2024-08-23 15:39:46
######## 8/23/2024, 3:39:59 PM
tid=4ceaf41083fcdc10ae65a8ffa5cd3606

 【请求的 ip 】：13.91.68.93
 【 用  户 】 加了  713         个单词上限2024-08-23 17:39:15
######## 8/23/2024, 5:39:28 PM
tid=4ceaf41083fcdc10ae65a8ffa5cd3606

 【请求的 ip 】：52.238.25.50
 【 用  户 】 加了  713         个单词上限2024-08-23 18:40:51
######## 8/23/2024, 6:41:05 PM
tid=4ceaf41083fcdc10ae65a8ffa5cd3606

 【请求的 ip 】：74.249.5.226
 【 用  户 】 加了  713         个单词上限2024-08-24 12:41:35
######## 8/24/2024, 12:41:49 PM
tid=4ceaf41083fcdc10ae65a8ffa5cd3606

 【请求的 ip 】：172.214.176.91
 【 用  户 】 加了  713         个单词上限2024-08-24 14:42:04
######## 8/24/2024, 2:42:17 PM
tid=4ceaf41083fcdc10ae65a8ffa5cd3606

 【请求的 ip 】：52.234.26.80
 【 用  户 】 加了  716         个单词上限2024-08-24 15:39:39
######## 8/24/2024, 3:39:53 PM
tid=4ceaf41083fcdc10ae65a8ffa5cd3606

 【请求的 ip 】：74.249.5.228
 【 用  户 】 加了  716         个单词上限2024-08-24 17:39:23
######## 8/24/2024, 5:39:37 PM
tid=4ceaf41083fcdc10ae65a8ffa5cd3606

 【请求的 ip 】：172.183.147.225
 【 用  户 】 加了  716         个单词上限2024-08-24 18:39:37
######## 8/24/2024, 6:39:53 PM
tid=4ceaf41083fcdc10ae65a8ffa5cd3606

 【请求的 ip 】：172.190.111.247
 【 用  户 】 加了  716         个单词上限2024-08-25 12:41:33
######## 8/25/2024, 12:41:47 PM
tid=4ceaf41083fcdc10ae65a8ffa5cd3606

 【请求的 ip 】：172.183.113.197
 【 用  户 】 加了  719         个单词上限2024-08-25 14:42:31
######## 8/25/2024, 2:42:46 PM
tid=4ceaf41083fcdc10ae65a8ffa5cd3606

 【请求的 ip 】：20.55.126.45
 【 用  户 】 加了  719         个单词上限2024-08-25 15:39:15
######## 8/25/2024, 3:39:29 PM
tid=4ceaf41083fcdc10ae65a8ffa5cd3606

 【请求的 ip 】：172.183.146.93
 【 用  户 】 加了  719         个单词上限2024-08-25 17:39:25
######## 8/25/2024, 5:39:38 PM
tid=4ceaf41083fcdc10ae65a8ffa5cd3606

 【请求的 ip 】：13.91.68.223
 【 用  户 】 加了  719         个单词上限2024-08-25 18:40:23
######## 8/25/2024, 6:40:37 PM
tid=4ceaf41083fcdc10ae65a8ffa5cd3606

 【请求的 ip 】：172.183.112.119
 【 用  户 】 加了  719         个单词上限2024-08-26 12:43:46
######## 8/26/2024, 12:44:01 PM
tid=4ceaf41083fcdc10ae65a8ffa5cd3606

 【请求的 ip 】：172.183.98.202
 【 用  户 】 加了  719         个单词上限2024-08-26 14:44:09
######## 8/26/2024, 2:44:23 PM
tid=4ceaf41083fcdc10ae65a8ffa5cd3606

 【请求的 ip 】：20.172.43.101
 【 用  户 】 加了  719         个单词上限2024-08-26 15:39:56
######## 8/26/2024, 3:40:09 PM
tid=4ceaf41083fcdc10ae65a8ffa5cd3606

 【请求的 ip 】：172.183.154.102
 【 用  户 】 加了  719         个单词上限2024-08-26 17:39:25
######## 8/26/2024, 5:39:39 PM
tid=4ceaf41083fcdc10ae65a8ffa5cd3606

 【请求的 ip 】：172.183.106.48
 【 用  户 】 加了  719         个单词上限2024-08-26 18:43:13
######## 8/26/2024, 6:43:26 PM
tid=4ceaf41083fcdc10ae65a8ffa5cd3606

 【请求的 ip 】：172.182.232.58
 【 用  户 】 加了  719         个单词上限2025-10-02 18:38:06
######## 10/2/2025, 6:38:17 PM
tid=ff0f17c4502548640e8490493bef7f82

 【请求的 ip 】：20.109.38.54
 【 用  户 】 加了  0         个单词上限2025-10-02 18:43:51
######## 10/2/2025, 6:44:01 PM
tid=ff0f17c4502548640e8490493bef7f82

 【请求的 ip 】：172.212.169.147
 【 用  户 】 加了  0         个单词上限2025-10-02 18:45:29
######## 10/2/2025, 6:45:40 PM
tid=ff0f17c4502548640e8490493bef7f82

 【请求的 ip 】：57.151.137.150
 【 用  户 】 加了  0         个单词上限2025-10-02 19:44:59
######## 10/2/2025, 7:45:10 PM
tid=ff0f17c4502548640e8490493bef7f82

 【请求的 ip 】：135.232.201.36
 【 用  户 】 加了  0         个单词上限2025-10-03 12:44:14
######## 10/3/2025, 12:44:25 PM
tid=ff0f17c4502548640e8490493bef7f82

 【请求的 ip 】：64.236.134.53
 【 用  户 】 加了  0         个单词上限2025-10-03 14:49:50
######## 10/3/2025, 2:50:01 PM
tid=ff0f17c4502548640e8490493bef7f82

 【请求的 ip 】：4.236.173.16
 【 用  户 】 加了  0         个单词上限2025-10-03 15:41:32
######## 10/3/2025, 3:41:43 PM
tid=ff0f17c4502548640e8490493bef7f82

 【请求的 ip 】：64.236.200.102
 【 用  户 】 加了  3         个单词上限2025-10-03 17:41:58
######## 10/3/2025, 5:42:09 PM
tid=ff0f17c4502548640e8490493bef7f82

 【请求的 ip 】：132.196.82.135
 【 用  户 】 加了  3         个单词上限2025-10-03 18:43:50
######## 10/3/2025, 6:44:01 PM
tid=ff0f17c4502548640e8490493bef7f82

 【请求的 ip 】：172.215.210.232
 【 用  户 】 加了  3         个单词上限2025-10-03 22:47:01
######## 10/3/2025, 10:47:12 PM
tid=0e4287c91a34654cc50f79bbf5025630

 【请求的 ip 】：4.246.135.35
 【 用  户 】 加了  3         个单词上限2025-10-04 12:43:55
######## 10/4/2025, 12:44:06 PM
tid=0e4287c91a34654cc50f79bbf5025630

 【请求的 ip 】：64.236.140.195
 【 用  户 】 加了  3         个单词上限2025-10-04 14:46:47
######## 10/4/2025, 2:46:57 PM
tid=0e4287c91a34654cc50f79bbf5025630

 【请求的 ip 】：135.232.184.208
 【 用  户 】 加了  3         个单词上限2025-10-04 15:26:01
######## 10/4/2025, 3:26:12 PM
tid=1f5b88a99da94a081e156b66f6135337

 【请求的 ip 】：52.173.162.100
 【 用  户 】 加了  6         个单词上限2025-10-04 15:44:23
######## 10/4/2025, 3:44:35 PM
tid=1f5b88a99da94a081e156b66f6135337

 【请求的 ip 】：68.220.57.96
 【 用  户 】 加了  6         个单词上限2025-10-04 16:18:09
######## 10/4/2025, 4:18:19 PM
tid=1f5b88a99da94a081e156b66f6135337

 【请求的 ip 】：52.159.245.147
 【 用  户 】 加了  6         个单词上限2025-10-04 16:36:02
######## 10/4/2025, 4:36:13 PM
tid=1f5b88a99da94a081e156b66f6135337

 【请求的 ip 】：74.249.78.161
 【 用  户 】 加了  6         个单词上限2025-10-04 16:46:42
######## 10/4/2025, 4:46:53 PM
tid=1f5b88a99da94a081e156b66f6135337

 【请求的 ip 】：135.232.200.65
 【 用  户 】 加了  6         个单词上限2025-10-04 17:14:30
######## 10/4/2025, 5:14:41 PM
tid=1f5b88a99da94a081e156b66f6135337

 【请求的 ip 】：64.236.141.179
 【 用  户 】 加了  6         个单词上限2025-10-04 17:29:06
######## 10/4/2025, 5:29:17 PM
tid=1f5b88a99da94a081e156b66f6135337

 【请求的 ip 】：52.165.251.246
 【 用  户 】 加了  6         个单词上限2025-10-04 17:44:14
######## 10/4/2025, 5:44:25 PM
tid=1f5b88a99da94a081e156b66f6135337

 【请求的 ip 】：172.184.213.227
 【 用  户 】 加了  6         个单词上限2025-10-04 18:14:32
######## 10/4/2025, 6:14:42 PM
tid=1f5b88a99da94a081e156b66f6135337

 【请求的 ip 】：52.159.247.229
 【 用  户 】 加了  6         个单词上限2025-10-04 18:32:43
######## 10/4/2025, 6:32:53 PM
tid=1f5b88a99da94a081e156b66f6135337

 【请求的 ip 】：52.161.74.196
 【 用  户 】 加了  6         个单词上限2025-10-04 18:44:51
######## 10/4/2025, 6:45:02 PM
tid=1f5b88a99da94a081e156b66f6135337

 【请求的 ip 】：135.232.200.6
 【 用  户 】 加了  6         个单词上限2025-10-04 19:11:43
######## 10/4/2025, 7:11:54 PM
tid=1f5b88a99da94a081e156b66f6135337

 【请求的 ip 】：172.184.220.213
 【 用  户 】 加了  6         个单词上限2025-10-04 19:25:07
######## 10/4/2025, 7:25:18 PM
tid=1f5b88a99da94a081e156b66f6135337

 【请求的 ip 】：52.154.20.195
 【 用  户 】 加了  6         个单词上限2025-10-04 19:44:29
######## 10/4/2025, 7:44:40 PM
tid=1f5b88a99da94a081e156b66f6135337

 【请求的 ip 】：64.236.200.96
 【 用  户 】 加了  6         个单词上限2025-10-04 20:29:18
######## 10/4/2025, 8:29:30 PM
tid=1f5b88a99da94a081e156b66f6135337

 【请求的 ip 】：52.190.183.86
 【 用  户 】 加了  6         个单词上限2025-10-04 21:00:31
######## 10/4/2025, 9:00:41 PM
tid=1f5b88a99da94a081e156b66f6135337

 【请求的 ip 】：104.209.10.225
 【 用  户 】 加了  6         个单词上限2025-10-04 21:31:08
######## 10/4/2025, 9:31:19 PM
tid=1f5b88a99da94a081e156b66f6135337

 【请求的 ip 】：52.173.237.212
 【 用  户 】 加了  6         个单词上限2025-10-04 21:44:21
######## 10/4/2025, 9:44:32 PM
tid=1f5b88a99da94a081e156b66f6135337

 【请求的 ip 】：172.184.211.241
 【 用  户 】 加了  6         个单词上限2025-10-04 22:13:09
######## 10/4/2025, 10:13:20 PM
tid=1f5b88a99da94a081e156b66f6135337

 【请求的 ip 】：128.24.162.3
 【 用  户 】 加了  6         个单词上限2025-10-04 22:30:01
######## 10/4/2025, 10:30:12 PM
tid=1f5b88a99da94a081e156b66f6135337

 【请求的 ip 】：52.173.219.146
 【 用  户 】 加了  6         个单词上限2025-10-04 22:44:37
######## 10/4/2025, 10:44:48 PM
tid=1f5b88a99da94a081e156b66f6135337

 【请求的 ip 】：52.161.75.164
 【 用  户 】 加了  6         个单词上限2025-10-04 23:13:19
######## 10/4/2025, 11:13:30 PM
tid=1f5b88a99da94a081e156b66f6135337

 【请求的 ip 】：64.236.143.210
 【 用  户 】 加了  6         个单词上限2025-10-04 23:29:00
######## 10/4/2025, 11:29:11 PM
tid=1f5b88a99da94a081e156b66f6135337

 【请求的 ip 】：68.220.58.148
 【 用  户 】 加了  6         个单词上限2025-10-04 23:44:10
######## 10/4/2025, 11:44:21 PM
tid=1f5b88a99da94a081e156b66f6135337

 【请求的 ip 】：172.182.195.131
 【 用  户 】 加了  6         个单词上限2025-10-05 00:17:38
######## 10/5/2025, 12:17:50 AM
tid=1f5b88a99da94a081e156b66f6135337

 【请求的 ip 】：52.165.213.183
 【 用  户 】 加了  6         个单词上限2025-10-05 00:36:27
######## 10/5/2025, 12:36:38 AM
tid=1f5b88a99da94a081e156b66f6135337

 【请求的 ip 】：48.214.54.98
 【 用  户 】 加了  6         个单词上限2025-10-05 00:46:15
######## 10/5/2025, 12:46:26 AM
tid=1f5b88a99da94a081e156b66f6135337

 【请求的 ip 】：4.246.135.163
 【 用  户 】 加了  6         个单词上限2025-10-05 01:12:12
######## 10/5/2025, 1:12:24 AM
tid=1f5b88a99da94a081e156b66f6135337

 【请求的 ip 】：64.236.134.20
 【 用  户 】 加了  6         个单词上限2025-10-05 01:28:08
######## 10/5/2025, 1:28:19 AM
tid=1f5b88a99da94a081e156b66f6135337

 【请求的 ip 】：64.236.135.115
 【 用  户 】 加了  6         个单词上限2025-10-05 01:44:15
######## 10/5/2025, 1:44:26 AM
tid=1f5b88a99da94a081e156b66f6135337

 【请求的 ip 】：68.154.119.209
 【 用  户 】 加了  6         个单词上限2025-10-05 02:20:37
######## 10/5/2025, 2:20:49 AM
tid=1f5b88a99da94a081e156b66f6135337

 【请求的 ip 】：52.173.237.212
 【 用  户 】 加了  6         个单词上限2025-10-05 02:47:35
######## 10/5/2025, 2:47:46 AM
tid=1f5b88a99da94a081e156b66f6135337

 【请求的 ip 】：172.184.204.101
 【 用  户 】 加了  6         个单词上限2025-10-05 03:11:01
######## 10/5/2025, 3:11:12 AM
tid=1f5b88a99da94a081e156b66f6135337

 【请求的 ip 】：64.236.141.210
 【 用  户 】 加了  6         个单词上限2025-10-05 03:24:23
######## 10/5/2025, 3:24:34 AM
tid=1f5b88a99da94a081e156b66f6135337

 【请求的 ip 】：20.49.14.178
 【 用  户 】 加了  6         个单词上限2025-10-05 03:44:00
######## 10/5/2025, 3:44:10 AM
tid=1f5b88a99da94a081e156b66f6135337

 【请求的 ip 】：172.172.87.242
 【 用  户 】 加了  6         个单词上限2025-10-05 04:15:33
######## 10/5/2025, 4:15:43 AM
tid=1f5b88a99da94a081e156b66f6135337

 【请求的 ip 】：20.161.44.179
 【 用  户 】 加了  6         个单词上限2025-10-05 04:31:04
######## 10/5/2025, 4:31:14 AM
tid=1f5b88a99da94a081e156b66f6135337

 【请求的 ip 】：132.196.19.21
 【 用  户 】 加了  6         个单词上限2025-10-05 04:44:18
######## 10/5/2025, 4:44:28 AM
tid=1f5b88a99da94a081e156b66f6135337

 【请求的 ip 】：64.236.134.208
 【 用  户 】 加了  6         个单词上限2025-10-05 05:12:40
######## 10/5/2025, 5:12:51 AM
tid=1f5b88a99da94a081e156b66f6135337

 【请求的 ip 】：20.49.61.50
 【 用  户 】 加了  6         个单词上限2025-10-05 05:26:41
######## 10/5/2025, 5:26:52 AM
tid=1f5b88a99da94a081e156b66f6135337

 【请求的 ip 】：48.214.53.114
 【 用  户 】 加了  6         个单词上限2025-10-05 05:44:05
######## 10/5/2025, 5:44:16 AM
tid=1f5b88a99da94a081e156b66f6135337

 【请求的 ip 】：64.236.161.17
 【 用  户 】 加了  6         个单词上限2025-10-05 06:13:17
######## 10/5/2025, 6:13:27 AM
tid=1f5b88a99da94a081e156b66f6135337

 【请求的 ip 】：20.109.38.162
 【 用  户 】 加了  6         个单词上限2025-10-05 06:30:58
######## 10/5/2025, 6:31:10 AM
tid=1f5b88a99da94a081e156b66f6135337

 【请求的 ip 】：172.215.216.198
 【 用  户 】 加了  6         个单词上限2025-10-05 06:44:44
######## 10/5/2025, 6:44:55 AM
tid=1f5b88a99da94a081e156b66f6135337

 【请求的 ip 】：132.196.82.132
 【 用  户 】 加了  6         个单词上限2025-10-05 07:13:54
######## 10/5/2025, 7:14:04 AM
tid=1f5b88a99da94a081e156b66f6135337

 【请求的 ip 】：172.182.226.227
 【 用  户 】 加了  6         个单词上限2025-10-05 07:28:22
######## 10/5/2025, 7:28:33 AM
tid=1f5b88a99da94a081e156b66f6135337

 【请求的 ip 】：20.109.38.163
 【 用  户 】 加了  6         个单词上限2025-10-05 07:44:04
######## 10/5/2025, 7:44:15 AM
tid=1f5b88a99da94a081e156b66f6135337

 【请求的 ip 】：20.109.95.100
 【 用  户 】 加了  6         个单词上限2025-10-05 09:19:00
######## 10/5/2025, 9:19:12 AM
tid=1f5b88a99da94a081e156b66f6135337

 【请求的 ip 】：68.154.38.20
 【 用  户 】 加了  6         个单词上限2025-10-05 10:46:51
######## 10/5/2025, 10:47:02 AM
tid=1f5b88a99da94a081e156b66f6135337

 【请求的 ip 】：145.132.102.52
 【 用  户 】 加了  6         个单词上限2025-10-05 11:33:56
######## 10/5/2025, 11:34:07 AM
tid=1f5b88a99da94a081e156b66f6135337

 【请求的 ip 】：52.173.181.22
 【 用  户 】 加了  6         个单词上限2025-10-05 11:50:42
######## 10/5/2025, 11:50:53 AM
tid=1f5b88a99da94a081e156b66f6135337

 【请求的 ip 】：20.161.44.180
 【 用  户 】 加了  6         个单词上限2025-10-05 12:18:00
######## 10/5/2025, 12:18:11 PM
tid=1f5b88a99da94a081e156b66f6135337

 【请求的 ip 】：52.159.226.244
 【 用  户 】 加了  6         个单词上限2025-10-05 12:35:23
######## 10/5/2025, 12:35:34 PM
tid=1f5b88a99da94a081e156b66f6135337

 【请求的 ip 】：20.81.183.82
 【 用  户 】 加了  6         个单词上限2025-10-05 12:45:05
######## 10/5/2025, 12:45:16 PM
tid=1f5b88a99da94a081e156b66f6135337

 【请求的 ip 】：172.182.226.22
 【 用  户 】 加了  6         个单词上限2025-10-05 13:14:21
######## 10/5/2025, 1:14:32 PM
tid=1f5b88a99da94a081e156b66f6135337

 【请求的 ip 】：172.184.213.160
 【 用  户 】 加了  6         个单词上限2025-10-05 13:31:09
######## 10/5/2025, 1:31:19 PM
tid=1f5b88a99da94a081e156b66f6135337

 【请求的 ip 】：52.159.247.48
 【 用  户 】 加了  6         个单词上限2025-10-05 13:44:23
######## 10/5/2025, 1:44:34 PM
tid=1f5b88a99da94a081e156b66f6135337

 【请求的 ip 】：4.246.135.0
 【 用  户 】 加了  6         个单词上限2025-10-05 14:21:47
######## 10/5/2025, 2:21:59 PM
tid=1f5b88a99da94a081e156b66f6135337

 【请求的 ip 】：20.171.123.133
 【 用  户 】 加了  9         个单词上限2025-10-05 14:48:00
######## 10/5/2025, 2:48:10 PM
tid=1f5b88a99da94a081e156b66f6135337

 【请求的 ip 】：52.159.247.164
 【 用  户 】 加了  9         个单词上限2025-10-05 15:13:25
######## 10/5/2025, 3:13:36 PM
tid=1f5b88a99da94a081e156b66f6135337

 【请求的 ip 】：48.214.54.114
 【 用  户 】 加了  9         个单词上限2025-10-05 15:27:13
######## 10/5/2025, 3:27:23 PM
tid=1f5b88a99da94a081e156b66f6135337

 【请求的 ip 】：172.172.87.242
 【 用  户 】 加了  9         个单词上限2025-10-05 15:44:14
######## 10/5/2025, 3:44:25 PM
tid=1f5b88a99da94a081e156b66f6135337

 【请求的 ip 】：172.174.223.246
 【 用  户 】 加了  9         个单词上限2025-10-05 16:18:28
######## 10/5/2025, 4:18:39 PM
tid=1f5b88a99da94a081e156b66f6135337

 【请求的 ip 】：64.236.141.212
 【 用  户 】 加了  9         个单词上限2025-10-05 16:36:01
######## 10/5/2025, 4:36:11 PM
tid=1f5b88a99da94a081e156b66f6135337

 【请求的 ip 】：52.234.45.180
 【 用  户 】 加了  9         个单词上限2025-10-05 16:46:04
######## 10/5/2025, 4:46:15 PM
tid=1f5b88a99da94a081e156b66f6135337

 【请求的 ip 】：135.232.232.53
 【 用  户 】 加了  9         个单词上限2025-10-05 17:14:03
######## 10/5/2025, 5:14:13 PM
tid=1f5b88a99da94a081e156b66f6135337

 【请求的 ip 】：172.183.131.18
 【 用  户 】 加了  9         个单词上限2025-10-05 17:28:39
######## 10/5/2025, 5:28:49 PM
tid=1f5b88a99da94a081e156b66f6135337

 【请求的 ip 】：135.232.225.18
 【 用  户 】 加了  9         个单词上限2025-10-05 17:44:57
######## 10/5/2025, 5:45:09 PM
tid=1f5b88a99da94a081e156b66f6135337

 【请求的 ip 】：135.232.200.70
 【 用  户 】 加了  9         个单词上限2025-10-05 18:15:01
######## 10/5/2025, 6:15:12 PM
tid=1f5b88a99da94a081e156b66f6135337

 【请求的 ip 】：64.236.169.4
 【 用  户 】 加了  9         个单词上限2025-10-05 18:32:28
######## 10/5/2025, 6:32:39 PM
tid=1f5b88a99da94a081e156b66f6135337

 【请求的 ip 】：172.184.211.21
 【 用  户 】 加了  9         个单词上限2025-10-05 18:44:47
######## 10/5/2025, 6:44:57 PM
tid=1f5b88a99da94a081e156b66f6135337

 【请求的 ip 】：135.232.201.83
 【 用  户 】 加了  9         个单词上限2025-10-05 19:11:35
######## 10/5/2025, 7:11:46 PM
tid=1f5b88a99da94a081e156b66f6135337

 【请求的 ip 】：172.178.118.84
 【 用  户 】 加了  9         个单词上限2025-10-05 19:25:05
######## 10/5/2025, 7:25:18 PM
tid=1f5b88a99da94a081e156b66f6135337

 【请求的 ip 】：68.220.59.48
 【 用  户 】 加了  9         个单词上限2025-10-05 19:44:20
######## 10/5/2025, 7:44:31 PM
tid=1f5b88a99da94a081e156b66f6135337

 【请求的 ip 】：52.176.35.114
 【 用  户 】 加了  9         个单词上限2025-10-05 20:29:22
######## 10/5/2025, 8:29:33 PM
tid=1f5b88a99da94a081e156b66f6135337

 【请求的 ip 】：172.182.212.3
 【 用  户 】 加了  9         个单词上限2025-10-05 21:01:06
######## 10/5/2025, 9:01:17 PM
tid=1f5b88a99da94a081e156b66f6135337

 【请求的 ip 】：172.182.195.37
 【 用  户 】 加了  9         个单词上限2025-10-05 21:31:17
######## 10/5/2025, 9:31:28 PM
tid=1f5b88a99da94a081e156b66f6135337

 【请求的 ip 】：64.236.200.228
 【 用  户 】 加了  9         个单词上限2025-10-05 21:44:14
######## 10/5/2025, 9:44:24 PM
tid=1f5b88a99da94a081e156b66f6135337

 【请求的 ip 】：172.178.119.36
 【 用  户 】 加了  9         个单词上限2025-10-05 22:12:55
######## 10/5/2025, 10:13:07 PM
tid=1f5b88a99da94a081e156b66f6135337

 【请求的 ip 】：135.119.237.65
 【 用  户 】 加了  9         个单词上限2025-10-05 22:30:19
######## 10/5/2025, 10:30:30 PM
tid=1f5b88a99da94a081e156b66f6135337

 【请求的 ip 】：145.132.100.180
 【 用  户 】 加了  9         个单词上限2025-10-05 22:44:43
######## 10/5/2025, 10:44:55 PM
tid=1f5b88a99da94a081e156b66f6135337

 【请求的 ip 】：40.116.73.179
 【 用  户 】 加了  9         个单词上限2025-10-05 23:13:47
######## 10/5/2025, 11:14:00 PM
tid=1f5b88a99da94a081e156b66f6135337

 【请求的 ip 】：172.215.211.20
 【 用  户 】 加了  9         个单词上限2025-10-05 23:28:29
######## 10/5/2025, 11:28:40 PM
tid=1f5b88a99da94a081e156b66f6135337

 【请求的 ip 】：135.232.177.117
 【 用  户 】 加了  9         个单词上限2025-10-05 23:44:24
######## 10/5/2025, 11:44:35 PM
tid=1f5b88a99da94a081e156b66f6135337

 【请求的 ip 】：20.161.45.114
 【 用  户 】 加了  9         个单词上限2025-10-06 00:17:16
######## 10/6/2025, 12:17:27 AM
tid=c171ba8e598d0d8971cfe8a20709ef8f

 【请求的 ip 】：68.154.38.18
 【 用  户 】 加了  9         个单词上限2025-10-06 00:35:53
######## 10/6/2025, 12:36:04 AM
tid=c171ba8e598d0d8971cfe8a20709ef8f

 【请求的 ip 】：52.176.35.116
 【 用  户 】 加了  9         个单词上限2025-10-06 00:45:44
######## 10/6/2025, 12:45:55 AM
tid=c171ba8e598d0d8971cfe8a20709ef8f

 【请求的 ip 】：52.150.28.34
 【 用  户 】 加了  9         个单词上限2025-10-06 01:12:19
######## 10/6/2025, 1:12:29 AM
tid=c171ba8e598d0d8971cfe8a20709ef8f

 【请求的 ip 】：64.236.177.98
 【 用  户 】 加了  9         个单词上限2025-10-06 01:28:40
######## 10/6/2025, 1:28:51 AM
tid=c171ba8e598d0d8971cfe8a20709ef8f

 【请求的 ip 】：64.236.177.5
 【 用  户 】 加了  9         个单词上限2025-10-06 01:44:11
######## 10/6/2025, 1:44:21 AM
tid=c171ba8e598d0d8971cfe8a20709ef8f

 【请求的 ip 】：172.174.223.242
 【 用  户 】 加了  9         个单词上限2025-10-06 02:20:14
######## 10/6/2025, 2:20:25 AM
tid=c171ba8e598d0d8971cfe8a20709ef8f

 【请求的 ip 】：172.172.87.49
 【 用  户 】 加了  9         个单词上限2025-10-06 02:47:16
######## 10/6/2025, 2:47:27 AM
tid=c171ba8e598d0d8971cfe8a20709ef8f

 【请求的 ip 】：64.236.169.1
 【 用  户 】 加了  9         个单词上限2025-10-06 03:11:34
######## 10/6/2025, 3:11:45 AM
tid=c171ba8e598d0d8971cfe8a20709ef8f

 【请求的 ip 】：40.65.61.34
 【 用  户 】 加了  9         个单词上限2025-10-06 03:25:02
######## 10/6/2025, 3:25:13 AM
tid=c171ba8e598d0d8971cfe8a20709ef8f

 【请求的 ip 】：172.215.217.99
 【 用  户 】 加了  9         个单词上限2025-10-06 03:44:48
######## 10/6/2025, 3:44:58 AM
tid=c171ba8e598d0d8971cfe8a20709ef8f

 【请求的 ip 】：20.55.87.176
 【 用  户 】 加了  9         个单词上限2025-10-06 04:15:45
######## 10/6/2025, 4:15:57 AM
tid=c171ba8e598d0d8971cfe8a20709ef8f

 【请求的 ip 】：172.208.62.164
 【 用  户 】 加了  9         个单词上限2025-10-06 04:31:12
######## 10/6/2025, 4:31:23 AM
tid=c171ba8e598d0d8971cfe8a20709ef8f

 【请求的 ip 】：52.159.247.68
 【 用  户 】 加了  9         个单词上限2025-10-06 04:44:41
######## 10/6/2025, 4:44:51 AM
tid=c171ba8e598d0d8971cfe8a20709ef8f

 【请求的 ip 】：172.178.119.16
 【 用  户 】 加了  9         个单词上限2025-10-06 05:12:52
######## 10/6/2025, 5:13:03 AM
tid=c171ba8e598d0d8971cfe8a20709ef8f

 【请求的 ip 】：172.182.195.83
 【 用  户 】 加了  9         个单词上限2025-10-06 05:27:11
######## 10/6/2025, 5:27:21 AM
tid=c171ba8e598d0d8971cfe8a20709ef8f

 【请求的 ip 】：52.159.247.147
 【 用  户 】 加了  9         个单词上限2025-10-06 05:44:27
######## 10/6/2025, 5:44:38 AM
tid=c171ba8e598d0d8971cfe8a20709ef8f

 【请求的 ip 】：40.65.59.113
 【 用  户 】 加了  9         个单词上限2025-10-06 06:14:00
######## 10/6/2025, 6:14:12 AM
tid=c171ba8e598d0d8971cfe8a20709ef8f

 【请求的 ip 】：52.159.229.52
 【 用  户 】 加了  9         个单词上限2025-10-06 06:31:22
######## 10/6/2025, 6:31:33 AM
tid=c171ba8e598d0d8971cfe8a20709ef8f

 【请求的 ip 】：64.236.135.130
 【 用  户 】 加了  9         个单词上限2025-10-06 06:44:36
######## 10/6/2025, 6:44:47 AM
tid=c171ba8e598d0d8971cfe8a20709ef8f

 【请求的 ip 】：20.49.13.179
 【 用  户 】 加了  9         个单词上限2025-10-06 07:12:40
######## 10/6/2025, 7:12:51 AM
tid=c171ba8e598d0d8971cfe8a20709ef8f

 【请求的 ip 】：172.174.167.16
 【 用  户 】 加了  9         个单词上限2025-10-06 07:26:28
######## 10/6/2025, 7:26:39 AM
tid=c171ba8e598d0d8971cfe8a20709ef8f

 【请求的 ip 】：135.232.177.192
 【 用  户 】 加了  9         个单词上限2025-10-06 07:44:53
######## 10/6/2025, 7:45:04 AM
tid=c171ba8e598d0d8971cfe8a20709ef8f

 【请求的 ip 】：68.220.58.147
 【 用  户 】 加了  9         个单词上限2025-10-06 09:13:52
######## 10/6/2025, 9:14:04 AM
tid=c171ba8e598d0d8971cfe8a20709ef8f

 【请求的 ip 】：135.119.237.71
 【 用  户 】 加了  9         个单词上限2025-10-06 10:40:57
######## 10/6/2025, 10:41:07 AM
tid=c171ba8e598d0d8971cfe8a20709ef8f

 【请求的 ip 】：172.184.174.113
 【 用  户 】 加了  9         个单词上限2025-10-06 11:32:20
######## 10/6/2025, 11:32:31 AM
tid=c171ba8e598d0d8971cfe8a20709ef8f

 【请求的 ip 】：145.132.102.100
 【 用  户 】 加了  9         个单词上限2025-10-06 11:51:24
######## 10/6/2025, 11:51:36 AM
tid=c171ba8e598d0d8971cfe8a20709ef8f

 【请求的 ip 】：20.51.198.200
 【 用  户 】 加了  9         个单词上限2025-10-06 12:18:52
######## 10/6/2025, 12:19:03 PM
tid=c171ba8e598d0d8971cfe8a20709ef8f

 【请求的 ip 】：172.182.196.56
 【 用  户 】 加了  9         个单词上限2025-10-06 12:38:02
######## 10/6/2025, 12:38:14 PM
tid=c171ba8e598d0d8971cfe8a20709ef8f

 【请求的 ip 】：4.236.159.148
 【 用  户 】 加了  9         个单词上限2025-10-06 12:48:19
######## 10/6/2025, 12:48:32 PM
tid=c171ba8e598d0d8971cfe8a20709ef8f

 【请求的 ip 】：64.236.134.231
 【 用  户 】 加了  9         个单词上限2025-10-06 13:15:53
######## 10/6/2025, 1:16:04 PM
tid=c171ba8e598d0d8971cfe8a20709ef8f

 【请求的 ip 】：172.184.174.117
 【 用  户 】 加了  9         个单词上限2025-10-06 13:33:23
######## 10/6/2025, 1:33:35 PM
tid=c171ba8e598d0d8971cfe8a20709ef8f

 【请求的 ip 】：172.184.210.246
 【 用  户 】 加了  9         个单词上限2025-10-06 13:44:47
######## 10/6/2025, 1:44:58 PM
tid=c171ba8e598d0d8971cfe8a20709ef8f

 【请求的 ip 】：64.236.143.211
 【 用  户 】 加了  9         个单词上限2025-10-06 14:25:16
######## 10/6/2025, 2:25:26 PM
tid=c171ba8e598d0d8971cfe8a20709ef8f

 【请求的 ip 】：40.65.61.37
 【 用  户 】 加了  9         个单词上限2025-10-06 14:52:44
######## 10/6/2025, 2:52:55 PM
tid=c171ba8e598d0d8971cfe8a20709ef8f

 【请求的 ip 】：172.208.152.210
 【 用  户 】 加了  9         个单词上限2025-10-06 15:16:55
######## 10/6/2025, 3:17:06 PM
tid=c171ba8e598d0d8971cfe8a20709ef8f

 【请求的 ip 】：172.208.153.24
 【 用  户 】 加了  9         个单词上限2025-10-06 15:32:07
######## 10/6/2025, 3:32:18 PM
tid=c171ba8e598d0d8971cfe8a20709ef8f

 【请求的 ip 】：20.171.123.131
 【 用  户 】 加了  9         个单词上限